C:\NWN Work\Grid Maps\Cedrilte_Village_Grid.dwg,1,10/24/2021 1:49:21 PM,Jason,DWG To PDF.pc3,ARCH E (36.00 x 48.00 Inches),1:0.0191515,
C:\NWN Work\Grid Maps\Draj_Arena_Grid.dwg,1,10/24/2021 2:01:23 PM,Jason,DWG To PDF.pc3,ARCH E (36.00 x 48.00 Inches),1:0.0191515,
C:\NWN Work\Grid Maps\DS1_Elven_Caravan_Grid.dwg,1,10/24/2021 2:05:16 PM,Jason,DWG To PDF.pc3,ARCH E (36.00 x 48.00 Inches),1:0.0191515,
C:\NWN Work\Grid Maps\DS1_Gedron_Village_Grid.dwg,1,10/24/2021 2:12:23 PM,Jason,DWG To PDF.pc3,ARCH E (36.00 x 48.00 Inches),1:0.0191515,
C:\NWN Work\Grid Maps\DS1_Gem_Fields_Grid.dwg,1,10/24/2021 2:14:10 PM,Jason,DWG To PDF.pc3,ARCH E (36.00 x 48.00 Inches),1:0.0191515,
C:\NWN Work\Grid Maps\DS1_Lava_Rift_Grid.dwg,1,10/24/2021 2:19:25 PM,Jason,DWG To PDF.pc3,ARCH E (36.00 x 48.00 Inches),1:0.0191515,
C:\NWN Work\Grid Maps\DS1_Lower_Castle_Grid.dwg,1,10/24/2021 2:22:29 PM,Jason,DWG To PDF.pc3,ARCH E (36.00 x 48.00 Inches),1:0.0191515,
C:\NWN Work\Grid Maps\DS1_Messenger_Route_Grid.dwg,1,10/24/2021 2:24:51 PM,Jason,DWG To PDF.pc3,ARCH E (36.00 x 48.00 Inches),1:0.0191515,
C:\NWN Work\Grid Maps\DS1_Nazca_Lines_Grid.dwg,1,10/24/2021 2:27:48 PM,Jason,DWG To PDF.pc3,ARCH E (36.00 x 48.00 Inches),1:0.0191515,
C:\NWN Work\Grid Maps\DS1_Palace_Ruins_Grid.dwg,1,10/24/2021 2:59:02 PM,Jason,DWG To PDF.pc3,ARCH E (36.00 x 48.00 Inches),1:0.0191515,
C:\NWN Work\Grid Maps\DS1_Red_Sand_Plateau_Grid.dwg,1,10/24/2021 3:29:11 PM,Jason,DWG To PDF.pc3,ARCH E (36.00 x 48.00 Inches),1:0.0191515,
C:\NWN Work\Grid Maps\DS1_Salt_Oasis_Grid.dwg,1,10/24/2021 3:30:44 PM,Jason,DWG To PDF.pc3,ARCH E (36.00 x 48.00 Inches),1:0.0191515,
C:\NWN Work\Grid Maps\DS1_Sand_Oasis_Grid.dwg,1,10/24/2021 3:32:02 PM,Jason,DWG To PDF.pc3,ARCH E (36.00 x 48.00 Inches),1:0.0191515,
C:\NWN Work\Grid Maps\DS1_Silt_Sea_Ssurrans_Grid.dwg,1,10/24/2021 3:34:34 PM,Jason,DWG To PDF.pc3,ARCH E (36.00 x 48.00 Inches),1:0.0191515,
C:\NWN Work\Grid Maps\DS1_Silt_Sea_Summoning_Grid.dwg,1,10/24/2021 3:46:56 PM,Jason,DWG To PDF.pc3,ARCH E (36.00 x 48.00 Inches),1:0.0191515,
C:\NWN Work\Grid Maps\DS1_Ssurran_Ruins_Grid.dwg,1,10/24/2021 4:06:44 PM,Jason,DWG To PDF.pc3,ARCH E (36.00 x 48.00 Inches),1:0.0191515,
C:\NWN Work\Grid Maps\DS1_Subterranean_Temple_Grid.dwg,1,10/24/2021 4:36:32 PM,Jason,DWG To PDF.pc3,ARCH E (36.00 x 48.00 Inches),1:0.0191515,
C:\NWN Work\Grid Maps\DS1_Under_Mountain_Grid.dwg,1,10/24/2021 5:58:07 PM,Jason,DWG To PDF.pc3,ARCH E (36.00 x 48.00 Inches),1:0.0191515,
C:\NWN Work\Grid Maps\DS1_Upper_Castle_Grid.dwg,1,10/24/2021 6:00:16 PM,Jason,DWG To PDF.pc3,ARCH E (36.00 x 48.00 Inches),1:0.0191515,
C:\NWN Work\Grid Maps\DS1_Wagon_Train_Grid.dwg,1,10/24/2021 6:01:53 PM,Jason,DWG To PDF.pc3,ARCH E (36.00 x 48.00 Inches),1:0.0191515,
C:\NWN Work\Grid Maps\DS1_Wyrm_Belly_Grid.dwg,1,10/24/2021 6:04:56 PM,Jason,DWG To PDF.pc3,ARCH E (36.00 x 48.00 Inches),1:0.0191515,
